myheader
logline: this is a test1
logline: this is a test1
logline: this is a test1
logline: this is a test1
logline: this is a test1
logline: this is a test1
logline: this is a test1
[2022-02-24 13:52:24.123]: (INFO) [..ibconcord/src/main.rs:128]: this is a test1
[2022-02-24 13:52:24.123]: (INFO) [..ibconcord/src/main.rs:128]: this is a test1[2022-02-24 13:52:24.123]: (INFO) [..ibconcord/src/main.rs:128]: this is a test1
[2022-02-24 13:52:24.123]: (INFO) [..ibconcord/src/main.rs:128]: this is a test1
[2022-02-24 13:52:24.123]: (INFO) [..ibconcord/src/main.rs:128]: this is a test1
[2022-02-24 13:52:24.123]: (INFO) [..ibconcord/src/main.rs:128]: this is a test1
[2024-05-29]: this is a test1
[2024-05-29 17:47:27]: this is a test1
[2024-05-29 17:50:43.003]this is a test1
[2024-05-29 17:54:25.367]this is a test1
[2024-05-29 17:54:29.331]this is a test1
[2024-05-29 17:54:31.047]this is a test1
[2024-05-29 17:55:27.831]this is a test1
[2024-05-29 17:55:46]this is a test1
[2024-05-29 17:55:58.059]this is a test1
[2024-05-29 17:57:07.356]this is a test1
[2024-05-29 17:59:37.221] (INFO)this is a test1
[2024-05-29 18:08:00.331] (DEBUG)this is a test1
[2024-05-29 18:09:12.042] (DEBUG)this is a test1
[2024-05-29 18:09:52.700] (TRACE)this is a test1
[2024-05-29 18:09:52.700] (DEBUG)this is a test2
[2024-05-29 18:09:52.700] (INFO)this is a test3
[2024-05-29 18:09:52.700] (WARN)this is a test4
[2024-05-29 18:09:52.700] (ERROR)this is a test5
[2024-05-29 18:09:52.700] (FATAL)this is a test6
[2024-05-29 18:10:00.901] (TRACE)this is a test1
[2024-05-29 18:10:00.901] (DEBUG)this is a test2
[2024-05-29 18:10:00.901] (INFO)this is a test3
[2024-05-29 18:10:00.901] (WARN)this is a test4
[2024-05-29 18:10:00.901] (ERROR)this is a test5
[2024-05-29 18:10:00.901] (FATAL)this is a test6
[2024-05-29 18:10:47.450] (TRACE)this is a test1
[2024-05-29 18:10:47.450] (DEBUG)this is a test2
[2024-05-29 18:10:47.450] (INFO)this is a test3
[2024-05-29 18:10:47.450] (WARN)this is a test4
[2024-05-29 18:10:47.450] (ERROR)this is a test5
[2024-05-29 18:10:47.450] (FATAL)this is a test6
[2024-05-29 18:14:26.134] (TRACE)this is a test1
[2024-05-29 18:14:26.134] (DEBUG)this is a test2
[2024-05-29 18:14:26.134] (INFO)this is a test3
[2024-05-29 18:14:26.134] (WARN)this is a test4
[2024-05-29 18:14:26.134] (ERROR)this is a test5
[2024-05-29 18:14:26.134] (FATAL)this is a test6
[2024-05-29 18:18:37.298] (TRACE)this is a test1
[2024-05-29 18:18:37.298] (DEBUG)this is a test2
[2024-05-29 18:18:37.298] (INFO)this is a test3
[2024-05-29 18:18:37.298] (WARN)this is a test4
[2024-05-29 18:18:37.298] (ERROR)this is a test5
[2024-05-29 18:18:37.298] (FATAL)this is a test6
[2024-05-29 18:24:08.728] (TRACE)this is a test1
[2024-05-29 18:24:08.729] (DEBUG)this is a test2
[2024-05-29 18:24:08.729] (INFO)this is a test3
[2024-05-29 18:24:08.729] (WARN)this is a test4
[2024-05-29 18:24:08.729] (ERROR)this is a test5
[2024-05-29 18:24:08.729] (FATAL)this is a test6
[2024-05-29 18:24:41.395] (TRACE)this is a test1
[2024-05-29 18:24:41.395] (DEBUG)this is a test2
[2024-05-29 18:24:41.395] (INFO)this is a test3
[2024-05-29 18:24:41.395] (WARN)this is a test4
[2024-05-29 18:24:41.395] (ERROR)this is a test5
[2024-05-29 18:24:41.395] (FATAL)this is a test6
[2024-05-29 19:00:28.311] (TRACE) this is a test1
[2024-05-29 19:00:28.312] (DEBUG) this is a test2
[2024-05-29 19:00:28.312] (INFO) this is a test3
[2024-05-29 19:00:28.312] (WARN) this is a test4
[2024-05-29 19:00:28.312] (ERROR) this is a test5
[2024-05-29 19:00:28.312] (FATAL) this is a test6
[2024-05-29 19:00:39.756] (TRACE): this is a test1
[2024-05-29 19:00:39.756] (DEBUG): this is a test2
[2024-05-29 19:00:39.757] (INFO): this is a test3
[2024-05-29 19:00:39.757] (WARN): this is a test4
[2024-05-29 19:00:39.757] (ERROR): this is a test5
[2024-05-29 19:00:39.757] (FATAL): this is a test6
[2024-05-29 19:02:39.567] (TRACE): this is a test1
[2024-05-29 19:02:39.567] (DEBUG): this is a test2
[2024-05-29 19:02:39.567] (INFO): this is a test3
[2024-05-29 19:02:39.567] (WARN): this is a test4
[2024-05-29 19:02:39.567] (ERROR): this is a test5
[2024-05-29 19:02:39.567] (FATAL): this is a test6
[2024-05-29 19:02:54.928] (TRACE): this is a test1
[2024-05-29 19:02:54.929] (DEBUG): this is a test2
[2024-05-29 19:02:54.929] (INFO): this is a test3
[2024-05-29 19:02:54.929] (WARN): this is a test4
[2024-05-29 19:02:54.929] (ERROR): this is a test5
[2024-05-29 19:02:54.929] (FATAL): this is a test6
[2024-05-29 19:03:19.862] (TRACE): this is a test1
[2024-05-29 19:03:19.862] (DEBUG): this is a test2
[2024-05-29 19:03:19.862] (INFO): this is a test3
[2024-05-29 19:03:19.862] (WARN): this is a test4
[2024-05-29 19:03:19.862] (ERROR): this is a test5
[2024-05-29 19:03:19.862] (FATAL): this is a test6
[2024-05-29 19:03:44.273] (TRACE): this is a test1
[2024-05-29 19:03:44.273] (DEBUG): this is a test2
[2024-05-29 19:03:44.273] (INFO): this is a test3
[2024-05-29 19:03:44.273] (WARN): this is a test4
[2024-05-29 19:03:44.273] (ERROR): this is a test5
[2024-05-29 19:03:44.273] (FATAL): this is a test6
[2024-05-29 19:04:17.895] (TRACE): this is a test1
[2024-05-29 19:04:17.895] (DEBUG): this is a test2
[2024-05-29 19:04:17.895] (INFO): this is a test3
[2024-05-29 19:04:17.895] (WARN): this is a test4
[2024-05-29 19:04:17.895] (ERROR): this is a test5
[2024-05-29 19:04:17.895] (FATAL): this is a test6
